2024/04/29 16:35:59 [notice] 1#1: using the "epoll" event method
2024/04/29 16:35:59 [notice] 1#1: nginx/1.25.2
2024/04/29 16:35:59 [notice] 1#1: built by gcc 12.2.1 20220924 (Alpine 12.2.1_git20220924-r10) 
2024/04/29 16:35:59 [notice] 1#1: OS: Linux 6.6.22-linuxkit
2024/04/29 16:35:59 [notice] 1#1: getrlimit(RLIMIT_NOFILE): 1048576:1048576
2024/04/29 16:35:59 [notice] 1#1: start worker processes
2024/04/29 16:35:59 [notice] 1#1: start worker process 29
2024/04/29 16:35:59 [notice] 1#1: start worker process 30
2024/04/29 16:35:59 [notice] 1#1: start worker process 31
2024/04/29 16:35:59 [notice] 1#1: start worker process 32
2024/04/29 16:35:59 [notice] 1#1: start worker process 33
2024/04/29 16:35:59 [notice] 1#1: start worker process 34
2024/04/29 16:35:59 [notice] 1#1: start worker process 35
2024/04/29 16:35:59 [notice] 1#1: start worker process 36
2024/04/29 17:07:04 [notice] 1#1: signal 3 (SIGQUIT) received, shutting down
2024/04/29 17:07:04 [notice] 32#32: gracefully shutting down
2024/04/29 17:07:04 [notice] 35#35: gracefully shutting down
2024/04/29 17:07:04 [notice] 31#31: gracefully shutting down
2024/04/29 17:07:04 [notice] 30#30: gracefully shutting down
2024/04/29 17:07:04 [notice] 29#29: gracefully shutting down
2024/04/29 17:07:04 [notice] 34#34: gracefully shutting down
2024/04/29 17:07:04 [notice] 33#33: gracefully shutting down
2024/04/29 17:07:04 [notice] 36#36: gracefully shutting down
2024/04/29 17:07:04 [notice] 32#32: exiting
2024/04/29 17:07:04 [notice] 35#35: exiting
2024/04/29 17:07:04 [notice] 31#31: exiting
2024/04/29 17:07:04 [notice] 30#30: exiting
2024/04/29 17:07:04 [notice] 29#29: exiting
2024/04/29 17:07:04 [notice] 34#34: exiting
2024/04/29 17:07:04 [notice] 33#33: exiting
2024/04/29 17:07:04 [notice] 36#36: exiting
2024/04/29 17:07:04 [notice] 32#32: exit
2024/04/29 17:07:04 [notice] 30#30: exit
2024/04/29 17:07:04 [notice] 31#31: exit
2024/04/29 17:07:04 [notice] 35#35: exit
2024/04/29 17:07:04 [notice] 29#29: exit
2024/04/29 17:07:04 [notice] 34#34: exit
2024/04/29 17:07:04 [notice] 33#33: exit
2024/04/29 17:07:04 [notice] 36#36: exit
2024/04/29 17:07:04 [notice] 1#1: signal 17 (SIGCHLD) received from 30
2024/04/29 17:07:04 [notice] 1#1: worker process 29 exited with code 0
2024/04/29 17:07:04 [notice] 1#1: worker process 30 exited with code 0
2024/04/29 17:07:04 [notice] 1#1: worker process 31 exited with code 0
2024/04/29 17:07:04 [notice] 1#1: worker process 32 exited with code 0
2024/04/29 17:07:04 [notice] 1#1: worker process 33 exited with code 0
2024/04/29 17:07:04 [notice] 1#1: worker process 34 exited with code 0
2024/04/29 17:07:04 [notice] 1#1: worker process 35 exited with code 0
2024/04/29 17:07:04 [notice] 1#1: worker process 36 exited with code 0
2024/04/29 17:07:04 [notice] 1#1: exit
2024/04/29 17:07:22 [notice] 1#1: using the "epoll" event method
2024/04/29 17:07:22 [notice] 1#1: nginx/1.25.2
2024/04/29 17:07:22 [notice] 1#1: built by gcc 12.2.1 20220924 (Alpine 12.2.1_git20220924-r10) 
2024/04/29 17:07:22 [notice] 1#1: OS: Linux 6.6.22-linuxkit
2024/04/29 17:07:22 [notice] 1#1: getrlimit(RLIMIT_NOFILE): 1048576:1048576
2024/04/29 17:07:22 [notice] 1#1: start worker processes
2024/04/29 17:07:22 [notice] 1#1: start worker process 29
2024/04/29 17:07:22 [notice] 1#1: start worker process 30
2024/04/29 17:07:22 [notice] 1#1: start worker process 31
2024/04/29 17:07:22 [notice] 1#1: start worker process 32
2024/04/29 17:07:22 [notice] 1#1: start worker process 33
2024/04/29 17:07:22 [notice] 1#1: start worker process 34
2024/04/29 17:07:22 [notice] 1#1: start worker process 35
2024/04/29 17:07:22 [notice] 1#1: start worker process 36
2024/04/29 17:10:34 [notice] 1#1: signal 3 (SIGQUIT) received, shutting down
2024/04/29 17:10:34 [notice] 29#29: gracefully shutting down
2024/04/29 17:10:34 [notice] 31#31: gracefully shutting down
2024/04/29 17:10:34 [notice] 30#30: gracefully shutting down
2024/04/29 17:10:34 [notice] 33#33: gracefully shutting down
2024/04/29 17:10:34 [notice] 30#30: exiting
2024/04/29 17:10:34 [notice] 32#32: gracefully shutting down
2024/04/29 17:10:34 [notice] 34#34: gracefully shutting down
2024/04/29 17:10:34 [notice] 36#36: gracefully shutting down
2024/04/29 17:10:34 [notice] 35#35: gracefully shutting down
2024/04/29 17:10:34 [notice] 29#29: exiting
2024/04/29 17:10:34 [notice] 31#31: exiting
2024/04/29 17:10:34 [notice] 35#35: exiting
2024/04/29 17:10:34 [notice] 33#33: exiting
2024/04/29 17:10:34 [notice] 32#32: exiting
2024/04/29 17:10:34 [notice] 34#34: exiting
2024/04/29 17:10:34 [notice] 36#36: exiting
2024/04/29 17:10:34 [notice] 32#32: exit
2024/04/29 17:10:34 [notice] 30#30: exit
2024/04/29 17:10:34 [notice] 29#29: exit
2024/04/29 17:10:34 [notice] 31#31: exit
2024/04/29 17:10:34 [notice] 35#35: exit
2024/04/29 17:10:34 [notice] 33#33: exit
2024/04/29 17:10:34 [notice] 34#34: exit
2024/04/29 17:10:34 [notice] 36#36: exit
2024/04/29 17:10:34 [notice] 1#1: signal 17 (SIGCHLD) received from 29
2024/04/29 17:10:34 [notice] 1#1: worker process 29 exited with code 0
2024/04/29 17:10:34 [notice] 1#1: worker process 30 exited with code 0
2024/04/29 17:10:34 [notice] 1#1: worker process 31 exited with code 0
2024/04/29 17:10:34 [notice] 1#1: worker process 32 exited with code 0
2024/04/29 17:10:34 [notice] 1#1: worker process 33 exited with code 0
2024/04/29 17:10:34 [notice] 1#1: worker process 34 exited with code 0
2024/04/29 17:10:34 [notice] 1#1: worker process 35 exited with code 0
2024/04/29 17:10:34 [notice] 1#1: worker process 36 exited with code 0
2024/04/29 17:10:34 [notice] 1#1: exit
2024/04/29 17:17:45 [notice] 1#1: using the "epoll" event method
2024/04/29 17:17:45 [notice] 1#1: nginx/1.25.2
2024/04/29 17:17:45 [notice] 1#1: built by gcc 12.2.1 20220924 (Alpine 12.2.1_git20220924-r10) 
2024/04/29 17:17:45 [notice] 1#1: OS: Linux 6.6.22-linuxkit
2024/04/29 17:17:45 [notice] 1#1: getrlimit(RLIMIT_NOFILE): 1048576:1048576
2024/04/29 17:17:45 [notice] 1#1: start worker processes
2024/04/29 17:17:45 [notice] 1#1: start worker process 29
2024/04/29 17:17:45 [notice] 1#1: start worker process 30
2024/04/29 17:17:45 [notice] 1#1: start worker process 31
2024/04/29 17:17:45 [notice] 1#1: start worker process 32
2024/04/29 17:17:45 [notice] 1#1: start worker process 33
2024/04/29 17:17:45 [notice] 1#1: start worker process 34
2024/04/29 17:17:45 [notice] 1#1: start worker process 35
2024/04/29 17:17:45 [notice] 1#1: start worker process 36
2024/04/29 17:23:55 [notice] 1#1: signal 3 (SIGQUIT) received, shutting down
2024/04/29 17:23:55 [notice] 29#29: gracefully shutting down
2024/04/29 17:23:55 [notice] 29#29: exiting
2024/04/29 17:23:55 [notice] 33#33: gracefully shutting down
2024/04/29 17:23:55 [notice] 33#33: exiting
2024/04/29 17:23:55 [notice] 34#34: gracefully shutting down
2024/04/29 17:23:55 [notice] 36#36: gracefully shutting down
2024/04/29 17:23:55 [notice] 35#35: gracefully shutting down
2024/04/29 17:23:55 [notice] 31#31: gracefully shutting down
2024/04/29 17:23:55 [notice] 36#36: exiting
2024/04/29 17:23:55 [notice] 30#30: gracefully shutting down
2024/04/29 17:23:55 [notice] 32#32: gracefully shutting down
2024/04/29 17:23:55 [notice] 29#29: exit
2024/04/29 17:23:55 [notice] 33#33: exit
2024/04/29 17:23:55 [notice] 34#34: exiting
2024/04/29 17:23:55 [notice] 35#35: exiting
2024/04/29 17:23:55 [notice] 31#31: exiting
2024/04/29 17:23:55 [notice] 36#36: exit
2024/04/29 17:23:55 [notice] 30#30: exiting
2024/04/29 17:23:55 [notice] 32#32: exiting
2024/04/29 17:23:55 [notice] 35#35: exit
2024/04/29 17:23:55 [notice] 34#34: exit
2024/04/29 17:23:55 [notice] 31#31: exit
2024/04/29 17:23:55 [notice] 32#32: exit
2024/04/29 17:23:55 [notice] 30#30: exit
2024/04/29 17:23:55 [notice] 1#1: signal 17 (SIGCHLD) received from 36
2024/04/29 17:23:55 [notice] 1#1: worker process 29 exited with code 0
2024/04/29 17:23:55 [notice] 1#1: worker process 33 exited with code 0
2024/04/29 17:23:55 [notice] 1#1: worker process 36 exited with code 0
2024/04/29 17:23:55 [notice] 1#1: signal 29 (SIGIO) received
2024/04/29 17:23:55 [notice] 1#1: signal 17 (SIGCHLD) received from 35
2024/04/29 17:23:55 [notice] 1#1: worker process 34 exited with code 0
2024/04/29 17:23:55 [notice] 1#1: worker process 35 exited with code 0
2024/04/29 17:23:55 [notice] 1#1: worker process 30 exited with code 0
2024/04/29 17:23:55 [notice] 1#1: worker process 31 exited with code 0
2024/04/29 17:23:55 [notice] 1#1: worker process 32 exited with code 0
2024/04/29 17:23:55 [notice] 1#1: exit
2024/04/29 17:24:01 [notice] 1#1: using the "epoll" event method
2024/04/29 17:24:01 [notice] 1#1: nginx/1.25.2
2024/04/29 17:24:01 [notice] 1#1: built by gcc 12.2.1 20220924 (Alpine 12.2.1_git20220924-r10) 
2024/04/29 17:24:01 [notice] 1#1: OS: Linux 6.6.22-linuxkit
2024/04/29 17:24:01 [notice] 1#1: getrlimit(RLIMIT_NOFILE): 1048576:1048576
2024/04/29 17:24:01 [notice] 1#1: start worker processes
2024/04/29 17:24:01 [notice] 1#1: start worker process 29
2024/04/29 17:24:01 [notice] 1#1: start worker process 30
2024/04/29 17:24:01 [notice] 1#1: start worker process 31
2024/04/29 17:24:01 [notice] 1#1: start worker process 32
2024/04/29 17:24:01 [notice] 1#1: start worker process 33
2024/04/29 17:24:01 [notice] 1#1: start worker process 34
2024/04/29 17:24:01 [notice] 1#1: start worker process 35
2024/04/29 17:24:01 [notice] 1#1: start worker process 36
2024/04/29 17:24:51 [notice] 1#1: signal 3 (SIGQUIT) received, shutting down
2024/04/29 17:24:51 [notice] 29#29: gracefully shutting down
2024/04/29 17:24:51 [notice] 30#30: gracefully shutting down
2024/04/29 17:24:51 [notice] 31#31: gracefully shutting down
2024/04/29 17:24:51 [notice] 35#35: gracefully shutting down
2024/04/29 17:24:51 [notice] 36#36: gracefully shutting down
2024/04/29 17:24:51 [notice] 32#32: gracefully shutting down
2024/04/29 17:24:51 [notice] 32#32: exiting
2024/04/29 17:24:51 [notice] 34#34: gracefully shutting down
2024/04/29 17:24:51 [notice] 33#33: gracefully shutting down
2024/04/29 17:24:51 [notice] 29#29: exiting
2024/04/29 17:24:51 [notice] 30#30: exiting
2024/04/29 17:24:51 [notice] 29#29: exit
2024/04/29 17:24:51 [notice] 31#31: exiting
2024/04/29 17:24:51 [notice] 35#35: exiting
2024/04/29 17:24:51 [notice] 36#36: exiting
2024/04/29 17:24:51 [notice] 35#35: exit
2024/04/29 17:24:51 [notice] 34#34: exiting
2024/04/29 17:24:51 [notice] 32#32: exit
2024/04/29 17:24:51 [notice] 33#33: exiting
2024/04/29 17:24:51 [notice] 30#30: exit
2024/04/29 17:24:51 [notice] 31#31: exit
2024/04/29 17:24:51 [notice] 36#36: exit
2024/04/29 17:24:51 [notice] 34#34: exit
2024/04/29 17:24:51 [notice] 33#33: exit
2024/04/29 17:24:51 [notice] 1#1: signal 17 (SIGCHLD) received from 29
2024/04/29 17:24:51 [notice] 1#1: worker process 29 exited with code 0
2024/04/29 17:24:51 [notice] 1#1: signal 29 (SIGIO) received
2024/04/29 17:24:51 [notice] 1#1: signal 17 (SIGCHLD) received from 35
2024/04/29 17:24:51 [notice] 1#1: worker process 30 exited with code 0
2024/04/29 17:24:51 [notice] 1#1: worker process 31 exited with code 0
2024/04/29 17:24:51 [notice] 1#1: worker process 32 exited with code 0
2024/04/29 17:24:51 [notice] 1#1: worker process 33 exited with code 0
2024/04/29 17:24:51 [notice] 1#1: worker process 34 exited with code 0
2024/04/29 17:24:51 [notice] 1#1: worker process 35 exited with code 0
2024/04/29 17:24:51 [notice] 1#1: worker process 36 exited with code 0
2024/04/29 17:24:51 [notice] 1#1: exit
2024/04/29 17:24:56 [notice] 1#1: using the "epoll" event method
2024/04/29 17:24:56 [notice] 1#1: nginx/1.25.2
2024/04/29 17:24:56 [notice] 1#1: built by gcc 12.2.1 20220924 (Alpine 12.2.1_git20220924-r10) 
2024/04/29 17:24:56 [notice] 1#1: OS: Linux 6.6.22-linuxkit
2024/04/29 17:24:56 [notice] 1#1: getrlimit(RLIMIT_NOFILE): 1048576:1048576
2024/04/29 17:24:56 [notice] 1#1: start worker processes
2024/04/29 17:24:56 [notice] 1#1: start worker process 29
2024/04/29 17:24:56 [notice] 1#1: start worker process 30
2024/04/29 17:24:56 [notice] 1#1: start worker process 31
2024/04/29 17:24:56 [notice] 1#1: start worker process 32
2024/04/29 17:24:56 [notice] 1#1: start worker process 33
2024/04/29 17:24:56 [notice] 1#1: start worker process 34
2024/04/29 17:24:56 [notice] 1#1: start worker process 35
2024/04/29 17:24:56 [notice] 1#1: start worker process 36
2024/04/29 17:38:47 [notice] 1#1: signal 3 (SIGQUIT) received, shutting down
2024/04/29 17:38:47 [notice] 31#31: gracefully shutting down
2024/04/29 17:38:47 [notice] 29#29: gracefully shutting down
2024/04/29 17:38:47 [notice] 30#30: gracefully shutting down
2024/04/29 17:38:47 [notice] 34#34: gracefully shutting down
2024/04/29 17:38:47 [notice] 33#33: gracefully shutting down
2024/04/29 17:38:47 [notice] 32#32: gracefully shutting down
2024/04/29 17:38:47 [notice] 35#35: gracefully shutting down
2024/04/29 17:38:47 [notice] 36#36: gracefully shutting down
2024/04/29 17:38:47 [notice] 29#29: exiting
2024/04/29 17:38:47 [notice] 30#30: exiting
2024/04/29 17:38:47 [notice] 33#33: exiting
2024/04/29 17:38:47 [notice] 34#34: exiting
2024/04/29 17:38:47 [notice] 32#32: exiting
2024/04/29 17:38:47 [notice] 31#31: exiting
2024/04/29 17:38:47 [notice] 35#35: exiting
2024/04/29 17:38:47 [notice] 31#31: exit
2024/04/29 17:38:47 [notice] 36#36: exiting
2024/04/29 17:38:47 [notice] 30#30: exit
2024/04/29 17:38:47 [notice] 34#34: exit
2024/04/29 17:38:47 [notice] 29#29: exit
2024/04/29 17:38:47 [notice] 33#33: exit
2024/04/29 17:38:47 [notice] 32#32: exit
2024/04/29 17:38:47 [notice] 35#35: exit
2024/04/29 17:38:47 [notice] 36#36: exit
2024/04/29 17:38:47 [notice] 1#1: signal 17 (SIGCHLD) received from 31
2024/04/29 17:38:47 [notice] 1#1: worker process 31 exited with code 0
2024/04/29 17:38:47 [notice] 1#1: worker process 34 exited with code 0
2024/04/29 17:38:47 [notice] 1#1: worker process 36 exited with code 0
2024/04/29 17:38:47 [notice] 1#1: signal 29 (SIGIO) received
2024/04/29 17:38:47 [notice] 1#1: signal 17 (SIGCHLD) received from 34
2024/04/29 17:38:47 [notice] 1#1: signal 17 (SIGCHLD) received from 32
2024/04/29 17:38:47 [notice] 1#1: worker process 29 exited with code 0
2024/04/29 17:38:47 [notice] 1#1: worker process 32 exited with code 0
2024/04/29 17:38:47 [notice] 1#1: worker process 35 exited with code 0
2024/04/29 17:38:47 [notice] 1#1: signal 29 (SIGIO) received
2024/04/29 17:38:47 [notice] 1#1: signal 17 (SIGCHLD) received from 35
2024/04/29 17:38:47 [notice] 1#1: signal 17 (SIGCHLD) received from 33
2024/04/29 17:38:47 [notice] 1#1: worker process 30 exited with code 0
2024/04/29 17:38:47 [notice] 1#1: worker process 33 exited with code 0
2024/04/29 17:38:47 [notice] 1#1: exit
2024/04/29 17:42:52 [notice] 1#1: using the "epoll" event method
2024/04/29 17:42:52 [notice] 1#1: nginx/1.25.2
2024/04/29 17:42:52 [notice] 1#1: built by gcc 12.2.1 20220924 (Alpine 12.2.1_git20220924-r10) 
2024/04/29 17:42:52 [notice] 1#1: OS: Linux 6.6.22-linuxkit
2024/04/29 17:42:52 [notice] 1#1: getrlimit(RLIMIT_NOFILE): 1048576:1048576
2024/04/29 17:42:52 [notice] 1#1: start worker processes
2024/04/29 17:42:52 [notice] 1#1: start worker process 29
2024/04/29 17:42:52 [notice] 1#1: start worker process 30
2024/04/29 17:42:52 [notice] 1#1: start worker process 31
2024/04/29 17:42:52 [notice] 1#1: start worker process 32
2024/04/29 17:42:52 [notice] 1#1: start worker process 33
2024/04/29 17:42:52 [notice] 1#1: start worker process 34
2024/04/29 17:42:52 [notice] 1#1: start worker process 35
2024/04/29 17:42:52 [notice] 1#1: start worker process 36
2024/04/29 20:10:54 [notice] 1#1: signal 3 (SIGQUIT) received, shutting down
2024/04/29 20:10:54 [notice] 29#29: gracefully shutting down
2024/04/29 20:10:54 [notice] 30#30: gracefully shutting down
2024/04/29 20:10:54 [notice] 31#31: gracefully shutting down
2024/04/29 20:10:54 [notice] 30#30: exiting
2024/04/29 20:10:54 [notice] 35#35: gracefully shutting down
2024/04/29 20:10:54 [notice] 32#32: gracefully shutting down
2024/04/29 20:10:54 [notice] 34#34: gracefully shutting down
2024/04/29 20:10:54 [notice] 33#33: gracefully shutting down
2024/04/29 20:10:54 [notice] 36#36: gracefully shutting down
2024/04/29 20:10:54 [notice] 29#29: exiting
2024/04/29 20:10:54 [notice] 31#31: exiting
2024/04/29 20:10:54 [notice] 30#30: exit
2024/04/29 20:10:54 [notice] 35#35: exiting
2024/04/29 20:10:54 [notice] 32#32: exiting
2024/04/29 20:10:54 [notice] 34#34: exiting
2024/04/29 20:10:54 [notice] 33#33: exiting
2024/04/29 20:10:54 [notice] 36#36: exiting
2024/04/29 20:10:54 [notice] 29#29: exit
2024/04/29 20:10:54 [notice] 35#35: exit
2024/04/29 20:10:54 [notice] 31#31: exit
2024/04/29 20:10:54 [notice] 34#34: exit
2024/04/29 20:10:54 [notice] 32#32: exit
2024/04/29 20:10:54 [notice] 33#33: exit
2024/04/29 20:10:54 [notice] 36#36: exit
2024/04/29 20:10:54 [notice] 1#1: signal 17 (SIGCHLD) received from 32
2024/04/29 20:10:54 [notice] 1#1: worker process 30 exited with code 0
2024/04/29 20:10:54 [notice] 1#1: worker process 31 exited with code 0
2024/04/29 20:10:54 [notice] 1#1: worker process 32 exited with code 0
2024/04/29 20:10:54 [notice] 1#1: worker process 34 exited with code 0
2024/04/29 20:10:54 [notice] 1#1: worker process 35 exited with code 0
2024/04/29 20:10:54 [notice] 1#1: worker process 36 exited with code 0
2024/04/29 20:10:54 [notice] 1#1: signal 29 (SIGIO) received
2024/04/29 20:10:54 [notice] 1#1: signal 17 (SIGCHLD) received from 33
2024/04/29 20:10:54 [notice] 1#1: worker process 29 exited with code 0
2024/04/29 20:10:54 [notice] 1#1: worker process 33 exited with code 0
2024/04/29 20:10:54 [notice] 1#1: exit
2024/04/29 20:14:11 [emerg] 1#1: host not found in upstream "php_default" in /etc/nginx/conf.d/default.conf:72
2024/04/29 20:14:20 [emerg] 1#1: host not found in upstream "php_default" in /etc/nginx/conf.d/default.conf:72
2024/04/29 20:15:21 [emerg] 1#1: host not found in upstream "php_default" in /etc/nginx/conf.d/default.conf:72
2024/04/29 20:15:25 [emerg] 1#1: host not found in upstream "php_default" in /etc/nginx/conf.d/default.conf:72
2024/04/29 20:15:46 [emerg] 1#1: host not found in upstream "application_programming" in /etc/nginx/conf.d/default.conf:72
2024/04/29 20:16:36 [notice] 1#1: using the "epoll" event method
2024/04/29 20:16:36 [notice] 1#1: nginx/1.25.2
2024/04/29 20:16:36 [notice] 1#1: built by gcc 12.2.1 20220924 (Alpine 12.2.1_git20220924-r10) 
2024/04/29 20:16:36 [notice] 1#1: OS: Linux 6.6.22-linuxkit
2024/04/29 20:16:36 [notice] 1#1: getrlimit(RLIMIT_NOFILE): 1048576:1048576
2024/04/29 20:16:36 [notice] 1#1: start worker processes
2024/04/29 20:16:36 [notice] 1#1: start worker process 29
2024/04/29 20:16:36 [notice] 1#1: start worker process 30
2024/04/29 20:16:36 [notice] 1#1: start worker process 31
2024/04/29 20:16:36 [notice] 1#1: start worker process 32
2024/04/29 20:16:36 [notice] 1#1: start worker process 33
2024/04/29 20:16:36 [notice] 1#1: start worker process 34
2024/04/29 20:16:36 [notice] 1#1: start worker process 35
2024/04/29 20:16:36 [notice] 1#1: start worker process 36
2024/04/29 21:17:58 [notice] 1#1: signal 3 (SIGQUIT) received, shutting down
2024/04/29 21:17:58 [notice] 29#29: gracefully shutting down
2024/04/29 21:17:58 [notice] 31#31: gracefully shutting down
2024/04/29 21:17:58 [notice] 34#34: gracefully shutting down
2024/04/29 21:17:58 [notice] 33#33: gracefully shutting down
2024/04/29 21:17:58 [notice] 36#36: gracefully shutting down
2024/04/29 21:17:58 [notice] 35#35: gracefully shutting down
2024/04/29 21:17:58 [notice] 36#36: exiting
2024/04/29 21:17:58 [notice] 32#32: gracefully shutting down
2024/04/29 21:17:58 [notice] 30#30: gracefully shutting down
2024/04/29 21:17:58 [notice] 32#32: exiting
2024/04/29 21:17:58 [notice] 29#29: exiting
2024/04/29 21:17:58 [notice] 30#30: exiting
2024/04/29 21:17:58 [notice] 31#31: exiting
2024/04/29 21:17:58 [notice] 34#34: exiting
2024/04/29 21:17:58 [notice] 33#33: exiting
2024/04/29 21:17:58 [notice] 35#35: exiting
2024/04/29 21:17:58 [notice] 31#31: exit
2024/04/29 21:17:58 [notice] 29#29: exit
2024/04/29 21:17:58 [notice] 30#30: exit
2024/04/29 21:17:58 [notice] 34#34: exit
2024/04/29 21:17:58 [notice] 32#32: exit
2024/04/29 21:17:58 [notice] 36#36: exit
2024/04/29 21:17:58 [notice] 33#33: exit
2024/04/29 21:17:58 [notice] 35#35: exit
2024/04/29 21:17:58 [notice] 1#1: signal 17 (SIGCHLD) received from 33
2024/04/29 21:17:58 [notice] 1#1: worker process 29 exited with code 0
2024/04/29 21:17:58 [notice] 1#1: worker process 30 exited with code 0
2024/04/29 21:17:58 [notice] 1#1: worker process 31 exited with code 0
2024/04/29 21:17:58 [notice] 1#1: worker process 32 exited with code 0
2024/04/29 21:17:58 [notice] 1#1: worker process 33 exited with code 0
2024/04/29 21:17:58 [notice] 1#1: worker process 34 exited with code 0
2024/04/29 21:17:58 [notice] 1#1: worker process 35 exited with code 0
2024/04/29 21:17:58 [notice] 1#1: worker process 36 exited with code 0
2024/04/29 21:17:58 [notice] 1#1: exit
2024/04/29 21:22:06 [notice] 1#1: using the "epoll" event method
2024/04/29 21:22:06 [notice] 1#1: nginx/1.25.2
2024/04/29 21:22:06 [notice] 1#1: built by gcc 12.2.1 20220924 (Alpine 12.2.1_git20220924-r10) 
2024/04/29 21:22:06 [notice] 1#1: OS: Linux 6.6.22-linuxkit
2024/04/29 21:22:06 [notice] 1#1: getrlimit(RLIMIT_NOFILE): 1048576:1048576
2024/04/29 21:22:06 [notice] 1#1: start worker processes
2024/04/29 21:22:06 [notice] 1#1: start worker process 29
2024/04/29 21:22:06 [notice] 1#1: start worker process 30
2024/04/29 21:22:06 [notice] 1#1: start worker process 31
2024/04/29 21:22:06 [notice] 1#1: start worker process 32
2024/04/29 21:22:06 [notice] 1#1: start worker process 33
2024/04/29 21:22:06 [notice] 1#1: start worker process 34
2024/04/29 21:22:06 [notice] 1#1: start worker process 35
2024/04/29 21:22:06 [notice] 1#1: start worker process 36
2024/05/01 18:36:58 [notice] 1#1: signal 3 (SIGQUIT) received, shutting down
2024/05/01 18:36:58 [notice] 29#29: gracefully shutting down
2024/05/01 18:36:58 [notice] 35#35: gracefully shutting down
2024/05/01 18:36:58 [notice] 30#30: gracefully shutting down
2024/05/01 18:36:58 [notice] 31#31: gracefully shutting down
2024/05/01 18:36:58 [notice] 33#33: gracefully shutting down
2024/05/01 18:36:58 [notice] 36#36: gracefully shutting down
2024/05/01 18:36:58 [notice] 32#32: gracefully shutting down
2024/05/01 18:36:58 [notice] 34#34: gracefully shutting down
2024/05/01 18:36:58 [notice] 29#29: exiting
2024/05/01 18:36:58 [notice] 35#35: exiting
2024/05/01 18:36:58 [notice] 30#30: exiting
2024/05/01 18:36:58 [notice] 31#31: exiting
2024/05/01 18:36:58 [notice] 33#33: exiting
2024/05/01 18:36:58 [notice] 36#36: exiting
2024/05/01 18:36:58 [notice] 32#32: exiting
2024/05/01 18:36:58 [notice] 34#34: exiting
2024/05/01 18:36:58 [notice] 35#35: exit
2024/05/01 18:36:58 [notice] 33#33: exit
2024/05/01 18:36:58 [notice] 31#31: exit
2024/05/01 18:36:58 [notice] 34#34: exit
2024/05/01 18:36:58 [notice] 29#29: exit
2024/05/01 18:36:58 [notice] 36#36: exit
2024/05/01 18:36:58 [notice] 30#30: exit
2024/05/01 18:36:58 [notice] 32#32: exit
2024/05/01 18:36:58 [notice] 1#1: signal 17 (SIGCHLD) received from 35
2024/05/01 18:36:58 [notice] 1#1: worker process 29 exited with code 0
2024/05/01 18:36:58 [notice] 1#1: worker process 30 exited with code 0
2024/05/01 18:36:58 [notice] 1#1: worker process 31 exited with code 0
2024/05/01 18:36:58 [notice] 1#1: worker process 32 exited with code 0
2024/05/01 18:36:58 [notice] 1#1: worker process 33 exited with code 0
2024/05/01 18:36:58 [notice] 1#1: worker process 34 exited with code 0
2024/05/01 18:36:58 [notice] 1#1: worker process 35 exited with code 0
2024/05/01 18:36:58 [notice] 1#1: worker process 36 exited with code 0
2024/05/01 18:36:58 [notice] 1#1: exit
2024/05/07 20:08:24 [notice] 1#1: using the "epoll" event method
2024/05/07 20:08:24 [notice] 1#1: nginx/1.25.2
2024/05/07 20:08:24 [notice] 1#1: built by gcc 12.2.1 20220924 (Alpine 12.2.1_git20220924-r10) 
2024/05/07 20:08:24 [notice] 1#1: OS: Linux 6.6.22-linuxkit
2024/05/07 20:08:24 [notice] 1#1: getrlimit(RLIMIT_NOFILE): 1048576:1048576
2024/05/07 20:08:24 [notice] 1#1: start worker processes
2024/05/07 20:08:24 [notice] 1#1: start worker process 29
2024/05/07 20:08:24 [notice] 1#1: start worker process 30
2024/05/07 20:08:24 [notice] 1#1: start worker process 31
2024/05/07 20:08:24 [notice] 1#1: start worker process 32
2024/05/07 20:08:24 [notice] 1#1: start worker process 33
2024/05/07 20:08:24 [notice] 1#1: start worker process 34
2024/05/07 20:08:24 [notice] 1#1: start worker process 35
2024/05/07 20:08:24 [notice] 1#1: start worker process 36
2024/05/08 07:41:32 [notice] 1#1: signal 3 (SIGQUIT) received, shutting down
2024/05/08 07:41:32 [notice] 29#29: gracefully shutting down
2024/05/08 07:41:32 [notice] 34#34: gracefully shutting down
2024/05/08 07:41:32 [notice] 30#30: gracefully shutting down
2024/05/08 07:41:32 [notice] 31#31: gracefully shutting down
2024/05/08 07:41:32 [notice] 35#35: gracefully shutting down
2024/05/08 07:41:32 [notice] 32#32: gracefully shutting down
2024/05/08 07:41:32 [notice] 33#33: gracefully shutting down
2024/05/08 07:41:32 [notice] 36#36: gracefully shutting down
2024/05/08 07:41:32 [notice] 29#29: exiting
2024/05/08 07:41:32 [notice] 34#34: exiting
2024/05/08 07:41:32 [notice] 30#30: exiting
2024/05/08 07:41:32 [notice] 31#31: exiting
2024/05/08 07:41:32 [notice] 32#32: exiting
2024/05/08 07:41:32 [notice] 33#33: exiting
2024/05/08 07:41:32 [notice] 36#36: exiting
2024/05/08 07:41:32 [notice] 35#35: exiting
2024/05/08 07:41:32 [notice] 29#29: exit
2024/05/08 07:41:32 [notice] 34#34: exit
2024/05/08 07:41:32 [notice] 30#30: exit
2024/05/08 07:41:32 [notice] 31#31: exit
2024/05/08 07:41:32 [notice] 32#32: exit
2024/05/08 07:41:32 [notice] 33#33: exit
2024/05/08 07:41:32 [notice] 36#36: exit
2024/05/08 07:41:32 [notice] 35#35: exit
2024/05/08 07:41:32 [notice] 1#1: signal 17 (SIGCHLD) received from 29
2024/05/08 07:41:32 [notice] 1#1: worker process 29 exited with code 0
2024/05/08 07:41:32 [notice] 1#1: worker process 30 exited with code 0
2024/05/08 07:41:32 [notice] 1#1: worker process 31 exited with code 0
2024/05/08 07:41:32 [notice] 1#1: worker process 32 exited with code 0
2024/05/08 07:41:32 [notice] 1#1: worker process 33 exited with code 0
2024/05/08 07:41:32 [notice] 1#1: worker process 34 exited with code 0
2024/05/08 07:41:32 [notice] 1#1: worker process 35 exited with code 0
2024/05/08 07:41:32 [notice] 1#1: worker process 36 exited with code 0
2024/05/08 07:41:32 [notice] 1#1: exit
2024/05/09 13:58:02 [notice] 1#1: using the "epoll" event method
2024/05/09 13:58:02 [notice] 1#1: nginx/1.25.2
2024/05/09 13:58:02 [notice] 1#1: built by gcc 12.2.1 20220924 (Alpine 12.2.1_git20220924-r10) 
2024/05/09 13:58:02 [notice] 1#1: OS: Linux 6.6.22-linuxkit
2024/05/09 13:58:02 [notice] 1#1: getrlimit(RLIMIT_NOFILE): 1048576:1048576
2024/05/09 13:58:02 [notice] 1#1: start worker processes
2024/05/09 13:58:02 [notice] 1#1: start worker process 29
2024/05/09 13:58:02 [notice] 1#1: start worker process 30
2024/05/09 13:58:02 [notice] 1#1: start worker process 31
2024/05/09 13:58:02 [notice] 1#1: start worker process 32
2024/05/09 13:58:02 [notice] 1#1: start worker process 33
2024/05/09 13:58:02 [notice] 1#1: start worker process 34
2024/05/09 13:58:02 [notice] 1#1: start worker process 35
2024/05/09 13:58:02 [notice] 1#1: start worker process 36
2024/05/13 08:39:10 [notice] 1#1: signal 3 (SIGQUIT) received, shutting down
2024/05/13 08:39:10 [notice] 29#29: gracefully shutting down
2024/05/13 08:39:10 [notice] 30#30: gracefully shutting down
2024/05/13 08:39:10 [notice] 31#31: gracefully shutting down
2024/05/13 08:39:10 [notice] 32#32: gracefully shutting down
2024/05/13 08:39:10 [notice] 33#33: gracefully shutting down
2024/05/13 08:39:10 [notice] 34#34: gracefully shutting down
2024/05/13 08:39:10 [notice] 35#35: gracefully shutting down
2024/05/13 08:39:10 [notice] 36#36: gracefully shutting down
2024/05/13 08:39:10 [notice] 29#29: exiting
2024/05/13 08:39:10 [notice] 30#30: exiting
2024/05/13 08:39:10 [notice] 35#35: exiting
2024/05/13 08:39:10 [notice] 31#31: exiting
2024/05/13 08:39:10 [notice] 30#30: exit
2024/05/13 08:39:10 [notice] 32#32: exiting
2024/05/13 08:39:10 [notice] 33#33: exiting
2024/05/13 08:39:10 [notice] 36#36: exiting
2024/05/13 08:39:10 [notice] 34#34: exiting
2024/05/13 08:39:10 [notice] 29#29: exit
2024/05/13 08:39:10 [notice] 35#35: exit
2024/05/13 08:39:10 [notice] 31#31: exit
2024/05/13 08:39:10 [notice] 32#32: exit
2024/05/13 08:39:10 [notice] 33#33: exit
2024/05/13 08:39:10 [notice] 36#36: exit
2024/05/13 08:39:10 [notice] 34#34: exit
2024/05/13 08:39:10 [notice] 1#1: signal 17 (SIGCHLD) received from 35
2024/05/13 08:39:10 [notice] 1#1: worker process 33 exited with code 0
2024/05/13 08:39:10 [notice] 1#1: worker process 35 exited with code 0
2024/05/13 08:39:10 [notice] 1#1: signal 29 (SIGIO) received
2024/05/13 08:39:10 [notice] 1#1: signal 17 (SIGCHLD) received from 32
2024/05/13 08:39:10 [notice] 1#1: worker process 29 exited with code 0
2024/05/13 08:39:10 [notice] 1#1: worker process 30 exited with code 0
2024/05/13 08:39:10 [notice] 1#1: worker process 31 exited with code 0
2024/05/13 08:39:10 [notice] 1#1: worker process 32 exited with code 0
2024/05/13 08:39:10 [notice] 1#1: worker process 34 exited with code 0
2024/05/13 08:39:10 [notice] 1#1: worker process 36 exited with code 0
2024/05/13 08:39:10 [notice] 1#1: exit
2024/05/18 13:07:45 [notice] 1#1: using the "epoll" event method
2024/05/18 13:07:45 [notice] 1#1: nginx/1.25.2
2024/05/18 13:07:45 [notice] 1#1: built by gcc 12.2.1 20220924 (Alpine 12.2.1_git20220924-r10) 
2024/05/18 13:07:45 [notice] 1#1: OS: Linux 6.6.26-linuxkit
2024/05/18 13:07:45 [notice] 1#1: getrlimit(RLIMIT_NOFILE): 1048576:1048576
2024/05/18 13:07:45 [notice] 1#1: start worker processes
2024/05/18 13:07:45 [notice] 1#1: start worker process 29
2024/05/18 13:07:45 [notice] 1#1: start worker process 30
2024/05/18 13:07:45 [notice] 1#1: start worker process 31
2024/05/18 13:07:45 [notice] 1#1: start worker process 32
2024/05/18 13:07:45 [notice] 1#1: start worker process 33
2024/05/18 13:07:45 [notice] 1#1: start worker process 34
2024/05/18 13:07:45 [notice] 1#1: start worker process 35
2024/05/18 13:07:45 [notice] 1#1: start worker process 36
2024/05/18 15:12:34 [notice] 1#1: signal 3 (SIGQUIT) received, shutting down
2024/05/18 15:12:34 [notice] 31#31: gracefully shutting down
2024/05/18 15:12:34 [notice] 30#30: gracefully shutting down
2024/05/18 15:12:34 [notice] 29#29: gracefully shutting down
2024/05/18 15:12:34 [notice] 32#32: gracefully shutting down
2024/05/18 15:12:34 [notice] 33#33: gracefully shutting down
2024/05/18 15:12:34 [notice] 34#34: gracefully shutting down
2024/05/18 15:12:34 [notice] 33#33: exiting
2024/05/18 15:12:34 [notice] 36#36: gracefully shutting down
2024/05/18 15:12:34 [notice] 35#35: gracefully shutting down
2024/05/18 15:12:34 [notice] 31#31: exiting
2024/05/18 15:12:34 [notice] 30#30: exiting
2024/05/18 15:12:34 [notice] 29#29: exiting
2024/05/18 15:12:34 [notice] 32#32: exiting
2024/05/18 15:12:34 [notice] 34#34: exiting
2024/05/18 15:12:34 [notice] 36#36: exiting
2024/05/18 15:12:34 [notice] 35#35: exiting
2024/05/18 15:12:34 [notice] 33#33: exit
2024/05/18 15:12:34 [notice] 31#31: exit
2024/05/18 15:12:34 [notice] 35#35: exit
2024/05/18 15:12:34 [notice] 30#30: exit
2024/05/18 15:12:34 [notice] 29#29: exit
2024/05/18 15:12:34 [notice] 32#32: exit
2024/05/18 15:12:34 [notice] 34#34: exit
2024/05/18 15:12:34 [notice] 36#36: exit
2024/05/18 15:12:34 [notice] 1#1: signal 17 (SIGCHLD) received from 33
2024/05/18 15:12:34 [notice] 1#1: worker process 29 exited with code 0
2024/05/18 15:12:34 [notice] 1#1: worker process 31 exited with code 0
2024/05/18 15:12:34 [notice] 1#1: worker process 33 exited with code 0
2024/05/18 15:12:34 [notice] 1#1: worker process 35 exited with code 0
2024/05/18 15:12:34 [notice] 1#1: signal 29 (SIGIO) received
2024/05/18 15:12:34 [notice] 1#1: signal 17 (SIGCHLD) received from 36
2024/05/18 15:12:34 [notice] 1#1: worker process 30 exited with code 0
2024/05/18 15:12:34 [notice] 1#1: worker process 32 exited with code 0
2024/05/18 15:12:34 [notice] 1#1: worker process 34 exited with code 0
2024/05/18 15:12:34 [notice] 1#1: worker process 36 exited with code 0
2024/05/18 15:12:34 [notice] 1#1: exit
2024/05/25 12:29:23 [notice] 1#1: using the "epoll" event method
2024/05/25 12:29:23 [notice] 1#1: nginx/1.25.2
2024/05/25 12:29:23 [notice] 1#1: built by gcc 12.2.1 20220924 (Alpine 12.2.1_git20220924-r10) 
2024/05/25 12:29:23 [notice] 1#1: OS: Linux 6.6.26-linuxkit
2024/05/25 12:29:23 [notice] 1#1: getrlimit(RLIMIT_NOFILE): 1048576:1048576
2024/05/25 12:29:23 [notice] 1#1: start worker processes
2024/05/25 12:29:23 [notice] 1#1: start worker process 29
2024/05/25 12:29:23 [notice] 1#1: start worker process 30
2024/05/25 12:29:23 [notice] 1#1: start worker process 31
2024/05/25 12:29:23 [notice] 1#1: start worker process 32
2024/05/25 12:29:23 [notice] 1#1: start worker process 33
2024/05/25 12:29:23 [notice] 1#1: start worker process 34
2024/05/25 12:29:23 [notice] 1#1: start worker process 35
2024/05/25 12:29:23 [notice] 1#1: start worker process 36
2024/09/23 19:38:32 [emerg] 1#1: host not found in upstream "php_default" in /etc/nginx/conf.d/default.conf:72
2024/09/23 19:38:38 [emerg] 1#1: host not found in upstream "php_default" in /etc/nginx/conf.d/default.conf:72
2024/09/23 19:39:11 [emerg] 1#1: host not found in upstream "php_default" in /etc/nginx/conf.d/default.conf:72
2024/09/23 19:39:15 [emerg] 1#1: host not found in upstream "php_default" in /etc/nginx/conf.d/default.conf:72
2024/09/23 19:40:09 [emerg] 1#1: host not found in upstream "php_default" in /etc/nginx/conf.d/default.conf:72
2024/09/23 19:44:13 [emerg] 1#1: host not found in upstream "php_default" in /etc/nginx/conf.d/default.conf:72
2024/09/23 19:47:28 [emerg] 1#1: host not found in upstream "php_default" in /etc/nginx/conf.d/default.conf:72
2024/09/23 19:50:30 [emerg] 1#1: host not found in upstream "php_default" in /etc/nginx/conf.d/default.conf:72
2024/09/23 19:51:25 [notice] 1#1: using the "epoll" event method
2024/09/23 19:51:25 [notice] 1#1: nginx/1.25.2
2024/09/23 19:51:25 [notice] 1#1: built by gcc 12.2.1 20220924 (Alpine 12.2.1_git20220924-r10) 
2024/09/23 19:51:25 [notice] 1#1: OS: Linux 6.10.4-linuxkit
2024/09/23 19:51:25 [notice] 1#1: getrlimit(RLIMIT_NOFILE): 1048576:1048576
2024/09/23 19:51:25 [notice] 1#1: start worker processes
2024/09/23 19:51:25 [notice] 1#1: start worker process 29
2024/09/23 19:51:25 [notice] 1#1: start worker process 30
2024/09/23 19:51:25 [notice] 1#1: start worker process 31
2024/09/23 19:51:25 [notice] 1#1: start worker process 32
2024/09/23 19:51:25 [notice] 1#1: start worker process 33
2024/09/23 19:51:25 [notice] 1#1: start worker process 34
2024/09/23 19:51:25 [notice] 1#1: start worker process 35
2024/09/23 19:51:25 [notice] 1#1: start worker process 36
2024/09/23 19:52:44 [notice] 1#1: signal 3 (SIGQUIT) received, shutting down
2024/09/23 19:52:44 [notice] 30#30: gracefully shutting down
2024/09/23 19:52:44 [notice] 31#31: gracefully shutting down
2024/09/23 19:52:44 [notice] 30#30: exiting
2024/09/23 19:52:44 [notice] 32#32: gracefully shutting down
2024/09/23 19:52:44 [notice] 34#34: gracefully shutting down
2024/09/23 19:52:44 [notice] 29#29: gracefully shutting down
2024/09/23 19:52:44 [notice] 34#34: exiting
2024/09/23 19:52:44 [notice] 36#36: gracefully shutting down
2024/09/23 19:52:44 [notice] 33#33: gracefully shutting down
2024/09/23 19:52:44 [notice] 36#36: exiting
2024/09/23 19:52:44 [notice] 35#35: gracefully shutting down
2024/09/23 19:52:44 [notice] 31#31: exiting
2024/09/23 19:52:44 [notice] 32#32: exiting
2024/09/23 19:52:44 [notice] 35#35: exiting
2024/09/23 19:52:44 [notice] 29#29: exiting
2024/09/23 19:52:44 [notice] 33#33: exiting
2024/09/23 19:52:44 [notice] 34#34: exit
2024/09/23 19:52:44 [notice] 36#36: exit
2024/09/23 19:52:44 [notice] 30#30: exit
2024/09/23 19:52:44 [notice] 35#35: exit
2024/09/23 19:52:44 [notice] 31#31: exit
2024/09/23 19:52:44 [notice] 32#32: exit
2024/09/23 19:52:44 [notice] 33#33: exit
2024/09/23 19:52:44 [notice] 29#29: exit
2024/09/23 19:52:44 [notice] 1#1: signal 17 (SIGCHLD) received from 36
2024/09/23 19:52:44 [notice] 1#1: worker process 29 exited with code 0
2024/09/23 19:52:44 [notice] 1#1: worker process 30 exited with code 0
2024/09/23 19:52:44 [notice] 1#1: worker process 31 exited with code 0
2024/09/23 19:52:44 [notice] 1#1: worker process 32 exited with code 0
2024/09/23 19:52:44 [notice] 1#1: worker process 33 exited with code 0
2024/09/23 19:52:44 [notice] 1#1: worker process 34 exited with code 0
2024/09/23 19:52:44 [notice] 1#1: worker process 35 exited with code 0
2024/09/23 19:52:44 [notice] 1#1: worker process 36 exited with code 0
2024/09/23 19:52:44 [notice] 1#1: exit
2024/09/23 20:04:39 [notice] 1#1: using the "epoll" event method
2024/09/23 20:04:39 [notice] 1#1: nginx/1.25.2
2024/09/23 20:04:39 [notice] 1#1: built by gcc 12.2.1 20220924 (Alpine 12.2.1_git20220924-r10) 
2024/09/23 20:04:39 [notice] 1#1: OS: Linux 6.10.4-linuxkit
2024/09/23 20:04:39 [notice] 1#1: getrlimit(RLIMIT_NOFILE): 1048576:1048576
2024/09/23 20:04:39 [notice] 1#1: start worker processes
2024/09/23 20:04:39 [notice] 1#1: start worker process 28
2024/09/23 20:04:39 [notice] 1#1: start worker process 29
2024/09/23 20:04:39 [notice] 1#1: start worker process 30
2024/09/23 20:04:39 [notice] 1#1: start worker process 31
2024/09/23 20:04:39 [notice] 1#1: start worker process 32
2024/09/23 20:04:39 [notice] 1#1: start worker process 33
2024/09/23 20:04:39 [notice] 1#1: start worker process 34
2024/09/23 20:04:39 [notice] 1#1: start worker process 35
2024/09/24 06:33:20 [notice] 1#1: signal 3 (SIGQUIT) received, shutting down
2024/09/24 06:33:20 [notice] 28#28: gracefully shutting down
2024/09/24 06:33:20 [notice] 32#32: gracefully shutting down
2024/09/24 06:33:20 [notice] 33#33: gracefully shutting down
2024/09/24 06:33:20 [notice] 30#30: gracefully shutting down
2024/09/24 06:33:20 [notice] 29#29: gracefully shutting down
2024/09/24 06:33:20 [notice] 30#30: exiting
2024/09/24 06:33:20 [notice] 28#28: exiting
2024/09/24 06:33:20 [notice] 34#34: gracefully shutting down
2024/09/24 06:33:20 [notice] 31#31: gracefully shutting down
2024/09/24 06:33:20 [notice] 35#35: gracefully shutting down
2024/09/24 06:33:20 [notice] 32#32: exiting
2024/09/24 06:33:20 [notice] 33#33: exiting
2024/09/24 06:33:20 [notice] 29#29: exiting
2024/09/24 06:33:20 [notice] 34#34: exiting
2024/09/24 06:33:20 [notice] 35#35: exiting
2024/09/24 06:33:20 [notice] 31#31: exiting
2024/09/24 06:33:20 [notice] 33#33: exit
2024/09/24 06:33:20 [notice] 30#30: exit
2024/09/24 06:33:20 [notice] 28#28: exit
2024/09/24 06:33:20 [notice] 34#34: exit
2024/09/24 06:33:20 [notice] 32#32: exit
2024/09/24 06:33:20 [notice] 29#29: exit
2024/09/24 06:33:20 [notice] 35#35: exit
2024/09/24 06:33:20 [notice] 31#31: exit
2024/09/24 06:33:20 [notice] 1#1: signal 17 (SIGCHLD) received from 28
2024/09/24 06:33:20 [notice] 1#1: worker process 28 exited with code 0
2024/09/24 06:33:20 [notice] 1#1: worker process 29 exited with code 0
2024/09/24 06:33:20 [notice] 1#1: worker process 30 exited with code 0
2024/09/24 06:33:20 [notice] 1#1: worker process 31 exited with code 0
2024/09/24 06:33:20 [notice] 1#1: worker process 32 exited with code 0
2024/09/24 06:33:20 [notice] 1#1: worker process 33 exited with code 0
2024/09/24 06:33:20 [notice] 1#1: worker process 34 exited with code 0
2024/09/24 06:33:20 [notice] 1#1: worker process 35 exited with code 0
2024/09/24 06:33:20 [notice] 1#1: exit
2024/09/24 09:23:52 [emerg] 1#1: host not found in upstream "php_project" in /etc/nginx/conf.d/default.conf:72
2024/09/24 09:36:59 [notice] 1#1: using the "epoll" event method
2024/09/24 09:36:59 [notice] 1#1: nginx/1.25.2
2024/09/24 09:36:59 [notice] 1#1: built by gcc 12.2.1 20220924 (Alpine 12.2.1_git20220924-r10) 
2024/09/24 09:36:59 [notice] 1#1: OS: Linux 6.10.4-linuxkit
2024/09/24 09:36:59 [notice] 1#1: getrlimit(RLIMIT_NOFILE): 1048576:1048576
2024/09/24 09:36:59 [notice] 1#1: start worker processes
2024/09/24 09:36:59 [notice] 1#1: start worker process 28
2024/09/24 09:36:59 [notice] 1#1: start worker process 29
2024/09/24 09:36:59 [notice] 1#1: start worker process 30
2024/09/24 09:36:59 [notice] 1#1: start worker process 31
2024/09/24 09:36:59 [notice] 1#1: start worker process 32
2024/09/24 09:36:59 [notice] 1#1: start worker process 33
2024/09/24 09:36:59 [notice] 1#1: start worker process 34
2024/09/24 09:36:59 [notice] 1#1: start worker process 35
2024/09/24 09:39:36 [notice] 1#1: signal 3 (SIGQUIT) received, shutting down
2024/09/24 09:39:36 [notice] 28#28: gracefully shutting down
2024/09/24 09:39:36 [notice] 31#31: gracefully shutting down
2024/09/24 09:39:36 [notice] 33#33: gracefully shutting down
2024/09/24 09:39:36 [notice] 30#30: gracefully shutting down
2024/09/24 09:39:36 [notice] 29#29: gracefully shutting down
2024/09/24 09:39:36 [notice] 30#30: exiting
2024/09/24 09:39:36 [notice] 32#32: gracefully shutting down
2024/09/24 09:39:36 [notice] 35#35: gracefully shutting down
2024/09/24 09:39:36 [notice] 28#28: exiting
2024/09/24 09:39:36 [notice] 34#34: gracefully shutting down
2024/09/24 09:39:36 [notice] 33#33: exiting
2024/09/24 09:39:36 [notice] 31#31: exiting
2024/09/24 09:39:36 [notice] 34#34: exiting
2024/09/24 09:39:36 [notice] 29#29: exiting
2024/09/24 09:39:36 [notice] 32#32: exiting
2024/09/24 09:39:36 [notice] 35#35: exiting
2024/09/24 09:39:36 [notice] 30#30: exit
2024/09/24 09:39:36 [notice] 28#28: exit
2024/09/24 09:39:36 [notice] 33#33: exit
2024/09/24 09:39:36 [notice] 34#34: exit
2024/09/24 09:39:36 [notice] 31#31: exit
2024/09/24 09:39:36 [notice] 29#29: exit
2024/09/24 09:39:36 [notice] 32#32: exit
2024/09/24 09:39:36 [notice] 35#35: exit
2024/09/24 09:39:36 [notice] 1#1: signal 17 (SIGCHLD) received from 30
2024/09/24 09:39:36 [notice] 1#1: worker process 28 exited with code 0
2024/09/24 09:39:36 [notice] 1#1: worker process 29 exited with code 0
2024/09/24 09:39:36 [notice] 1#1: worker process 30 exited with code 0
2024/09/24 09:39:36 [notice] 1#1: worker process 31 exited with code 0
2024/09/24 09:39:36 [notice] 1#1: worker process 32 exited with code 0
2024/09/24 09:39:36 [notice] 1#1: worker process 34 exited with code 0
2024/09/24 09:39:36 [notice] 1#1: worker process 35 exited with code 0
2024/09/24 09:39:36 [notice] 1#1: signal 29 (SIGIO) received
2024/09/24 09:39:36 [notice] 1#1: signal 17 (SIGCHLD) received from 32
2024/09/24 09:39:36 [notice] 1#1: signal 17 (SIGCHLD) received from 33
2024/09/24 09:39:36 [notice] 1#1: worker process 33 exited with code 0
2024/09/24 09:39:36 [notice] 1#1: exit
2024/09/24 09:39:49 [notice] 1#1: using the "epoll" event method
2024/09/24 09:39:49 [notice] 1#1: nginx/1.25.2
2024/09/24 09:39:49 [notice] 1#1: built by gcc 12.2.1 20220924 (Alpine 12.2.1_git20220924-r10) 
2024/09/24 09:39:49 [notice] 1#1: OS: Linux 6.10.4-linuxkit
2024/09/24 09:39:49 [notice] 1#1: getrlimit(RLIMIT_NOFILE): 1048576:1048576
2024/09/24 09:39:49 [notice] 1#1: start worker processes
2024/09/24 09:39:49 [notice] 1#1: start worker process 29
2024/09/24 09:39:49 [notice] 1#1: start worker process 30
2024/09/24 09:39:49 [notice] 1#1: start worker process 31
2024/09/24 09:39:49 [notice] 1#1: start worker process 32
2024/09/24 09:39:49 [notice] 1#1: start worker process 33
2024/09/24 09:39:49 [notice] 1#1: start worker process 34
2024/09/24 09:39:49 [notice] 1#1: start worker process 35
2024/09/24 09:39:49 [notice] 1#1: start worker process 36
2024/09/24 09:48:56 [notice] 1#1: signal 3 (SIGQUIT) received, shutting down
2024/09/24 09:48:56 [notice] 30#30: gracefully shutting down
2024/09/24 09:48:56 [notice] 30#30: exiting
2024/09/24 09:48:56 [notice] 32#32: gracefully shutting down
2024/09/24 09:48:56 [notice] 31#31: gracefully shutting down
2024/09/24 09:48:56 [notice] 34#34: gracefully shutting down
2024/09/24 09:48:56 [notice] 31#31: exiting
2024/09/24 09:48:56 [notice] 33#33: gracefully shutting down
2024/09/24 09:48:56 [notice] 35#35: gracefully shutting down
2024/09/24 09:48:56 [notice] 36#36: gracefully shutting down
2024/09/24 09:48:56 [notice] 29#29: gracefully shutting down
2024/09/24 09:48:56 [notice] 32#32: exiting
2024/09/24 09:48:56 [notice] 34#34: exiting
2024/09/24 09:48:56 [notice] 30#30: exit
2024/09/24 09:48:56 [notice] 33#33: exiting
2024/09/24 09:48:56 [notice] 35#35: exiting
2024/09/24 09:48:56 [notice] 36#36: exiting
2024/09/24 09:48:56 [notice] 31#31: exit
2024/09/24 09:48:56 [notice] 29#29: exiting
2024/09/24 09:48:56 [notice] 34#34: exit
2024/09/24 09:48:56 [notice] 32#32: exit
2024/09/24 09:48:56 [notice] 33#33: exit
2024/09/24 09:48:56 [notice] 36#36: exit
2024/09/24 09:48:56 [notice] 29#29: exit
2024/09/24 09:48:56 [notice] 35#35: exit
2024/09/24 09:48:56 [notice] 1#1: signal 17 (SIGCHLD) received from 30
2024/09/24 09:48:56 [notice] 1#1: worker process 29 exited with code 0
2024/09/24 09:48:56 [notice] 1#1: worker process 30 exited with code 0
2024/09/24 09:48:56 [notice] 1#1: signal 29 (SIGIO) received
2024/09/24 09:48:56 [notice] 1#1: signal 17 (SIGCHLD) received from 31
2024/09/24 09:48:56 [notice] 1#1: worker process 31 exited with code 0
2024/09/24 09:48:56 [notice] 1#1: worker process 32 exited with code 0
2024/09/24 09:48:56 [notice] 1#1: worker process 34 exited with code 0
2024/09/24 09:48:56 [notice] 1#1: worker process 35 exited with code 0
2024/09/24 09:48:56 [notice] 1#1: worker process 36 exited with code 0
2024/09/24 09:48:56 [notice] 1#1: signal 29 (SIGIO) received
2024/09/24 09:48:56 [notice] 1#1: signal 17 (SIGCHLD) received from 34
2024/09/24 09:48:56 [notice] 1#1: signal 17 (SIGCHLD) received from 33
2024/09/24 09:48:56 [notice] 1#1: worker process 33 exited with code 0
2024/09/24 09:48:56 [notice] 1#1: exit
2024/09/24 09:49:12 [notice] 1#1: using the "epoll" event method
2024/09/24 09:49:12 [notice] 1#1: nginx/1.25.2
2024/09/24 09:49:12 [notice] 1#1: built by gcc 12.2.1 20220924 (Alpine 12.2.1_git20220924-r10) 
2024/09/24 09:49:12 [notice] 1#1: OS: Linux 6.10.4-linuxkit
2024/09/24 09:49:12 [notice] 1#1: getrlimit(RLIMIT_NOFILE): 1048576:1048576
2024/09/24 09:49:12 [notice] 1#1: start worker processes
2024/09/24 09:49:12 [notice] 1#1: start worker process 28
2024/09/24 09:49:12 [notice] 1#1: start worker process 29
2024/09/24 09:49:12 [notice] 1#1: start worker process 30
2024/09/24 09:49:12 [notice] 1#1: start worker process 31
2024/09/24 09:49:12 [notice] 1#1: start worker process 32
2024/09/24 09:49:12 [notice] 1#1: start worker process 33
2024/09/24 09:49:12 [notice] 1#1: start worker process 34
2024/09/24 09:49:12 [notice] 1#1: start worker process 35
2024/09/24 09:49:37 [notice] 1#1: signal 3 (SIGQUIT) received, shutting down
2024/09/24 09:49:37 [notice] 29#29: gracefully shutting down
2024/09/24 09:49:37 [notice] 30#30: gracefully shutting down
2024/09/24 09:49:37 [notice] 33#33: gracefully shutting down
2024/09/24 09:49:37 [notice] 34#34: gracefully shutting down
2024/09/24 09:49:37 [notice] 32#32: gracefully shutting down
2024/09/24 09:49:37 [notice] 31#31: gracefully shutting down
2024/09/24 09:49:37 [notice] 33#33: exiting
2024/09/24 09:49:37 [notice] 28#28: gracefully shutting down
2024/09/24 09:49:37 [notice] 30#30: exiting
2024/09/24 09:49:37 [notice] 35#35: gracefully shutting down
2024/09/24 09:49:37 [notice] 29#29: exiting
2024/09/24 09:49:37 [notice] 34#34: exiting
2024/09/24 09:49:37 [notice] 32#32: exiting
2024/09/24 09:49:37 [notice] 31#31: exiting
2024/09/24 09:49:37 [notice] 33#33: exit
2024/09/24 09:49:37 [notice] 35#35: exiting
2024/09/24 09:49:37 [notice] 30#30: exit
2024/09/24 09:49:37 [notice] 29#29: exit
2024/09/24 09:49:37 [notice] 34#34: exit
2024/09/24 09:49:37 [notice] 32#32: exit
2024/09/24 09:49:37 [notice] 35#35: exit
2024/09/24 09:49:37 [notice] 31#31: exit
2024/09/24 09:49:37 [notice] 28#28: exiting
2024/09/24 09:49:37 [notice] 28#28: exit
2024/09/24 09:49:37 [notice] 1#1: signal 17 (SIGCHLD) received from 28
2024/09/24 09:49:37 [notice] 1#1: worker process 28 exited with code 0
2024/09/24 09:49:37 [notice] 1#1: worker process 29 exited with code 0
2024/09/24 09:49:37 [notice] 1#1: worker process 30 exited with code 0
2024/09/24 09:49:37 [notice] 1#1: worker process 31 exited with code 0
2024/09/24 09:49:37 [notice] 1#1: worker process 32 exited with code 0
2024/09/24 09:49:37 [notice] 1#1: worker process 33 exited with code 0
2024/09/24 09:49:37 [notice] 1#1: worker process 34 exited with code 0
2024/09/24 09:49:37 [notice] 1#1: worker process 35 exited with code 0
2024/09/24 09:49:37 [notice] 1#1: exit
2024/09/24 09:50:11 [notice] 1#1: using the "epoll" event method
2024/09/24 09:50:11 [notice] 1#1: nginx/1.25.2
2024/09/24 09:50:11 [notice] 1#1: built by gcc 12.2.1 20220924 (Alpine 12.2.1_git20220924-r10) 
2024/09/24 09:50:11 [notice] 1#1: OS: Linux 6.10.4-linuxkit
2024/09/24 09:50:11 [notice] 1#1: getrlimit(RLIMIT_NOFILE): 1048576:1048576
2024/09/24 09:50:11 [notice] 1#1: start worker processes
2024/09/24 09:50:11 [notice] 1#1: start worker process 29
2024/09/24 09:50:11 [notice] 1#1: start worker process 30
2024/09/24 09:50:11 [notice] 1#1: start worker process 31
2024/09/24 09:50:11 [notice] 1#1: start worker process 32
2024/09/24 09:50:11 [notice] 1#1: start worker process 33
2024/09/24 09:50:11 [notice] 1#1: start worker process 34
2024/09/24 09:50:11 [notice] 1#1: start worker process 35
2024/09/24 09:50:11 [notice] 1#1: start worker process 36
2024/09/24 09:51:38 [notice] 1#1: signal 3 (SIGQUIT) received, shutting down
2024/09/24 09:51:38 [notice] 32#32: gracefully shutting down
2024/09/24 09:51:38 [notice] 33#33: gracefully shutting down
2024/09/24 09:51:38 [notice] 30#30: gracefully shutting down
2024/09/24 09:51:38 [notice] 29#29: gracefully shutting down
2024/09/24 09:51:38 [notice] 31#31: gracefully shutting down
2024/09/24 09:51:38 [notice] 35#35: gracefully shutting down
2024/09/24 09:51:38 [notice] 36#36: gracefully shutting down
2024/09/24 09:51:38 [notice] 34#34: gracefully shutting down
2024/09/24 09:51:38 [notice] 33#33: exiting
2024/09/24 09:51:38 [notice] 36#36: exiting
2024/09/24 09:51:38 [notice] 32#32: exiting
2024/09/24 09:51:38 [notice] 29#29: exiting
2024/09/24 09:51:38 [notice] 30#30: exiting
2024/09/24 09:51:38 [notice] 31#31: exiting
2024/09/24 09:51:38 [notice] 35#35: exiting
2024/09/24 09:51:38 [notice] 34#34: exiting
2024/09/24 09:51:38 [notice] 33#33: exit
2024/09/24 09:51:38 [notice] 36#36: exit
2024/09/24 09:51:38 [notice] 32#32: exit
2024/09/24 09:51:38 [notice] 31#31: exit
2024/09/24 09:51:38 [notice] 30#30: exit
2024/09/24 09:51:38 [notice] 29#29: exit
2024/09/24 09:51:38 [notice] 35#35: exit
2024/09/24 09:51:38 [notice] 34#34: exit
2024/09/24 09:51:38 [notice] 1#1: signal 17 (SIGCHLD) received from 33
2024/09/24 09:51:38 [notice] 1#1: worker process 31 exited with code 0
2024/09/24 09:51:38 [notice] 1#1: worker process 32 exited with code 0
2024/09/24 09:51:38 [notice] 1#1: worker process 33 exited with code 0
2024/09/24 09:51:38 [notice] 1#1: worker process 34 exited with code 0
2024/09/24 09:51:38 [notice] 1#1: worker process 29 exited with code 0
2024/09/24 09:51:38 [notice] 1#1: worker process 36 exited with code 0
2024/09/24 09:51:38 [notice] 1#1: signal 29 (SIGIO) received
2024/09/24 09:51:38 [notice] 1#1: signal 17 (SIGCHLD) received from 32
2024/09/24 09:51:38 [notice] 1#1: signal 17 (SIGCHLD) received from 35
2024/09/24 09:51:38 [notice] 1#1: worker process 30 exited with code 0
2024/09/24 09:51:38 [notice] 1#1: worker process 35 exited with code 0
2024/09/24 09:51:38 [notice] 1#1: exit
2024/09/24 09:52:15 [notice] 1#1: using the "epoll" event method
2024/09/24 09:52:15 [notice] 1#1: nginx/1.25.2
2024/09/24 09:52:15 [notice] 1#1: built by gcc 12.2.1 20220924 (Alpine 12.2.1_git20220924-r10) 
2024/09/24 09:52:15 [notice] 1#1: OS: Linux 6.10.4-linuxkit
2024/09/24 09:52:15 [notice] 1#1: getrlimit(RLIMIT_NOFILE): 1048576:1048576
2024/09/24 09:52:15 [notice] 1#1: start worker processes
2024/09/24 09:52:15 [notice] 1#1: start worker process 29
2024/09/24 09:52:15 [notice] 1#1: start worker process 30
2024/09/24 09:52:15 [notice] 1#1: start worker process 31
2024/09/24 09:52:15 [notice] 1#1: start worker process 32
2024/09/24 09:52:15 [notice] 1#1: start worker process 33
2024/09/24 09:52:15 [notice] 1#1: start worker process 34
2024/09/24 09:52:15 [notice] 1#1: start worker process 35
2024/09/24 09:52:15 [notice] 1#1: start worker process 36
2024/09/24 09:52:30 [notice] 1#1: signal 3 (SIGQUIT) received, shutting down
2024/09/24 09:52:30 [notice] 29#29: gracefully shutting down
2024/09/24 09:52:30 [notice] 31#31: gracefully shutting down
2024/09/24 09:52:30 [notice] 30#30: gracefully shutting down
2024/09/24 09:52:30 [notice] 30#30: exiting
2024/09/24 09:52:30 [notice] 32#32: gracefully shutting down
2024/09/24 09:52:30 [notice] 35#35: gracefully shutting down
2024/09/24 09:52:30 [notice] 33#33: gracefully shutting down
2024/09/24 09:52:30 [notice] 34#34: gracefully shutting down
2024/09/24 09:52:30 [notice] 36#36: gracefully shutting down
2024/09/24 09:52:30 [notice] 29#29: exiting
2024/09/24 09:52:30 [notice] 31#31: exiting
2024/09/24 09:52:30 [notice] 30#30: exit
2024/09/24 09:52:30 [notice] 32#32: exiting
2024/09/24 09:52:30 [notice] 35#35: exiting
2024/09/24 09:52:30 [notice] 33#33: exiting
2024/09/24 09:52:30 [notice] 34#34: exiting
2024/09/24 09:52:30 [notice] 36#36: exiting
2024/09/24 09:52:30 [notice] 29#29: exit
2024/09/24 09:52:30 [notice] 31#31: exit
2024/09/24 09:52:30 [notice] 32#32: exit
2024/09/24 09:52:30 [notice] 35#35: exit
2024/09/24 09:52:30 [notice] 33#33: exit
2024/09/24 09:52:30 [notice] 34#34: exit
2024/09/24 09:52:30 [notice] 36#36: exit
2024/09/24 09:52:30 [notice] 1#1: signal 17 (SIGCHLD) received from 33
2024/09/24 09:52:30 [notice] 1#1: worker process 29 exited with code 0
2024/09/24 09:52:30 [notice] 1#1: worker process 30 exited with code 0
2024/09/24 09:52:30 [notice] 1#1: worker process 31 exited with code 0
2024/09/24 09:52:30 [notice] 1#1: worker process 33 exited with code 0
2024/09/24 09:52:30 [notice] 1#1: worker process 34 exited with code 0
2024/09/24 09:52:30 [notice] 1#1: worker process 35 exited with code 0
2024/09/24 09:52:30 [notice] 1#1: signal 29 (SIGIO) received
2024/09/24 09:52:30 [notice] 1#1: signal 17 (SIGCHLD) received from 29
2024/09/24 09:52:30 [notice] 1#1: signal 17 (SIGCHLD) received from 36
2024/09/24 09:52:30 [notice] 1#1: worker process 32 exited with code 0
2024/09/24 09:52:30 [notice] 1#1: worker process 36 exited with code 0
2024/09/24 09:52:30 [notice] 1#1: exit
2024/09/24 09:53:52 [notice] 1#1: using the "epoll" event method
2024/09/24 09:53:52 [notice] 1#1: nginx/1.25.2
2024/09/24 09:53:52 [notice] 1#1: built by gcc 12.2.1 20220924 (Alpine 12.2.1_git20220924-r10) 
2024/09/24 09:53:52 [notice] 1#1: OS: Linux 6.10.4-linuxkit
2024/09/24 09:53:52 [notice] 1#1: getrlimit(RLIMIT_NOFILE): 1048576:1048576
2024/09/24 09:53:52 [notice] 1#1: start worker processes
2024/09/24 09:53:52 [notice] 1#1: start worker process 29
2024/09/24 09:53:52 [notice] 1#1: start worker process 30
2024/09/24 09:53:52 [notice] 1#1: start worker process 31
2024/09/24 09:53:52 [notice] 1#1: start worker process 32
2024/09/24 09:53:52 [notice] 1#1: start worker process 33
2024/09/24 09:53:52 [notice] 1#1: start worker process 34
2024/09/24 09:53:52 [notice] 1#1: start worker process 35
2024/09/24 09:53:52 [notice] 1#1: start worker process 36
2024/09/24 09:55:27 [notice] 1#1: signal 3 (SIGQUIT) received, shutting down
2024/09/24 09:55:27 [notice] 29#29: gracefully shutting down
2024/09/24 09:55:27 [notice] 30#30: gracefully shutting down
2024/09/24 09:55:27 [notice] 31#31: gracefully shutting down
2024/09/24 09:55:27 [notice] 29#29: exiting
2024/09/24 09:55:27 [notice] 35#35: gracefully shutting down
2024/09/24 09:55:27 [notice] 32#32: gracefully shutting down
2024/09/24 09:55:27 [notice] 30#30: exiting
2024/09/24 09:55:27 [notice] 34#34: gracefully shutting down
2024/09/24 09:55:27 [notice] 29#29: exit
2024/09/24 09:55:27 [notice] 33#33: gracefully shutting down
2024/09/24 09:55:27 [notice] 31#31: exiting
2024/09/24 09:55:27 [notice] 36#36: gracefully shutting down
2024/09/24 09:55:27 [notice] 32#32: exiting
2024/09/24 09:55:27 [notice] 35#35: exiting
2024/09/24 09:55:27 [notice] 34#34: exiting
2024/09/24 09:55:27 [notice] 30#30: exit
2024/09/24 09:55:27 [notice] 33#33: exiting
2024/09/24 09:55:27 [notice] 31#31: exit
2024/09/24 09:55:27 [notice] 32#32: exit
2024/09/24 09:55:27 [notice] 35#35: exit
2024/09/24 09:55:27 [notice] 34#34: exit
2024/09/24 09:55:27 [notice] 36#36: exiting
2024/09/24 09:55:27 [notice] 33#33: exit
2024/09/24 09:55:27 [notice] 36#36: exit
2024/09/24 09:55:27 [notice] 1#1: signal 17 (SIGCHLD) received from 29
2024/09/24 09:55:27 [notice] 1#1: worker process 29 exited with code 0
2024/09/24 09:55:27 [notice] 1#1: worker process 30 exited with code 0
2024/09/24 09:55:27 [notice] 1#1: worker process 35 exited with code 0
2024/09/24 09:55:27 [notice] 1#1: signal 29 (SIGIO) received
2024/09/24 09:55:27 [notice] 1#1: signal 17 (SIGCHLD) received from 31
2024/09/24 09:55:27 [notice] 1#1: worker process 31 exited with code 0
2024/09/24 09:55:27 [notice] 1#1: worker process 33 exited with code 0
2024/09/24 09:55:27 [notice] 1#1: worker process 36 exited with code 0
2024/09/24 09:55:27 [notice] 1#1: signal 29 (SIGIO) received
2024/09/24 09:55:27 [notice] 1#1: signal 17 (SIGCHLD) received from 33
2024/09/24 09:55:27 [notice] 1#1: signal 17 (SIGCHLD) received from 34
2024/09/24 09:55:27 [notice] 1#1: worker process 34 exited with code 0
2024/09/24 09:55:27 [notice] 1#1: worker process 32 exited with code 0
2024/09/24 09:55:27 [notice] 1#1: exit
2024/09/24 09:55:51 [notice] 1#1: using the "epoll" event method
2024/09/24 09:55:51 [notice] 1#1: nginx/1.25.2
2024/09/24 09:55:51 [notice] 1#1: built by gcc 12.2.1 20220924 (Alpine 12.2.1_git20220924-r10) 
2024/09/24 09:55:51 [notice] 1#1: OS: Linux 6.10.4-linuxkit
2024/09/24 09:55:51 [notice] 1#1: getrlimit(RLIMIT_NOFILE): 1048576:1048576
2024/09/24 09:55:51 [notice] 1#1: start worker processes
2024/09/24 09:55:51 [notice] 1#1: start worker process 29
2024/09/24 09:55:51 [notice] 1#1: start worker process 30
2024/09/24 09:55:51 [notice] 1#1: start worker process 31
2024/09/24 09:55:51 [notice] 1#1: start worker process 32
2024/09/24 09:55:51 [notice] 1#1: start worker process 33
2024/09/24 09:55:51 [notice] 1#1: start worker process 34
2024/09/24 09:55:51 [notice] 1#1: start worker process 35
2024/09/24 09:55:51 [notice] 1#1: start worker process 36
2024/09/24 09:58:13 [notice] 1#1: signal 3 (SIGQUIT) received, shutting down
2024/09/24 09:58:13 [notice] 30#30: gracefully shutting down
2024/09/24 09:58:13 [notice] 32#32: gracefully shutting down
2024/09/24 09:58:13 [notice] 34#34: gracefully shutting down
2024/09/24 09:58:13 [notice] 29#29: gracefully shutting down
2024/09/24 09:58:13 [notice] 31#31: gracefully shutting down
2024/09/24 09:58:13 [notice] 33#33: gracefully shutting down
2024/09/24 09:58:13 [notice] 35#35: gracefully shutting down
2024/09/24 09:58:13 [notice] 36#36: gracefully shutting down
2024/09/24 09:58:13 [notice] 32#32: exiting
2024/09/24 09:58:13 [notice] 34#34: exiting
2024/09/24 09:58:13 [notice] 29#29: exiting
2024/09/24 09:58:13 [notice] 33#33: exiting
2024/09/24 09:58:13 [notice] 31#31: exiting
2024/09/24 09:58:13 [notice] 35#35: exiting
2024/09/24 09:58:13 [notice] 36#36: exiting
2024/09/24 09:58:13 [notice] 30#30: exiting
2024/09/24 09:58:13 [notice] 29#29: exit
2024/09/24 09:58:13 [notice] 34#34: exit
2024/09/24 09:58:13 [notice] 32#32: exit
2024/09/24 09:58:13 [notice] 33#33: exit
2024/09/24 09:58:13 [notice] 30#30: exit
2024/09/24 09:58:13 [notice] 31#31: exit
2024/09/24 09:58:13 [notice] 35#35: exit
2024/09/24 09:58:13 [notice] 36#36: exit
2024/09/24 09:58:13 [notice] 1#1: signal 17 (SIGCHLD) received from 34
2024/09/24 09:58:13 [notice] 1#1: worker process 30 exited with code 0
2024/09/24 09:58:13 [notice] 1#1: worker process 34 exited with code 0
2024/09/24 09:58:13 [notice] 1#1: worker process 36 exited with code 0
2024/09/24 09:58:13 [notice] 1#1: signal 29 (SIGIO) received
2024/09/24 09:58:13 [notice] 1#1: signal 17 (SIGCHLD) received from 30
2024/09/24 09:58:13 [notice] 1#1: signal 17 (SIGCHLD) received from 31
2024/09/24 09:58:13 [notice] 1#1: worker process 29 exited with code 0
2024/09/24 09:58:13 [notice] 1#1: worker process 31 exited with code 0
2024/09/24 09:58:13 [notice] 1#1: worker process 32 exited with code 0
2024/09/24 09:58:13 [notice] 1#1: worker process 35 exited with code 0
2024/09/24 09:58:13 [notice] 1#1: signal 29 (SIGIO) received
2024/09/24 09:58:13 [notice] 1#1: signal 17 (SIGCHLD) received from 29
2024/09/24 09:58:13 [notice] 1#1: signal 17 (SIGCHLD) received from 33
2024/09/24 09:58:13 [notice] 1#1: worker process 33 exited with code 0
2024/09/24 09:58:13 [notice] 1#1: exit
2024/09/24 09:59:03 [notice] 1#1: using the "epoll" event method
2024/09/24 09:59:03 [notice] 1#1: nginx/1.25.2
2024/09/24 09:59:03 [notice] 1#1: built by gcc 12.2.1 20220924 (Alpine 12.2.1_git20220924-r10) 
2024/09/24 09:59:03 [notice] 1#1: OS: Linux 6.10.4-linuxkit
2024/09/24 09:59:03 [notice] 1#1: getrlimit(RLIMIT_NOFILE): 1048576:1048576
2024/09/24 09:59:03 [notice] 1#1: start worker processes
2024/09/24 09:59:03 [notice] 1#1: start worker process 28
2024/09/24 09:59:03 [notice] 1#1: start worker process 29
2024/09/24 09:59:03 [notice] 1#1: start worker process 30
2024/09/24 09:59:03 [notice] 1#1: start worker process 31
2024/09/24 09:59:03 [notice] 1#1: start worker process 32
2024/09/24 09:59:03 [notice] 1#1: start worker process 33
2024/09/24 09:59:03 [notice] 1#1: start worker process 34
2024/09/24 09:59:03 [notice] 1#1: start worker process 35
2024/09/24 10:53:29 [notice] 1#1: signal 3 (SIGQUIT) received, shutting down
2024/09/24 10:53:29 [notice] 30#30: gracefully shutting down
2024/09/24 10:53:29 [notice] 29#29: gracefully shutting down
2024/09/24 10:53:29 [notice] 32#32: gracefully shutting down
2024/09/24 10:53:29 [notice] 31#31: gracefully shutting down
2024/09/24 10:53:29 [notice] 34#34: gracefully shutting down
2024/09/24 10:53:29 [notice] 33#33: gracefully shutting down
2024/09/24 10:53:29 [notice] 32#32: exiting
2024/09/24 10:53:29 [notice] 30#30: exiting
2024/09/24 10:53:29 [notice] 28#28: gracefully shutting down
2024/09/24 10:53:29 [notice] 35#35: gracefully shutting down
2024/09/24 10:53:29 [notice] 31#31: exiting
2024/09/24 10:53:29 [notice] 29#29: exiting
2024/09/24 10:53:29 [notice] 33#33: exiting
2024/09/24 10:53:29 [notice] 34#34: exiting
2024/09/24 10:53:29 [notice] 32#32: exit
2024/09/24 10:53:29 [notice] 30#30: exit
2024/09/24 10:53:29 [notice] 28#28: exiting
2024/09/24 10:53:29 [notice] 35#35: exiting
2024/09/24 10:53:29 [notice] 31#31: exit
2024/09/24 10:53:29 [notice] 33#33: exit
2024/09/24 10:53:29 [notice] 29#29: exit
2024/09/24 10:53:29 [notice] 34#34: exit
2024/09/24 10:53:29 [notice] 35#35: exit
2024/09/24 10:53:29 [notice] 28#28: exit
2024/09/24 10:53:29 [notice] 1#1: signal 17 (SIGCHLD) received from 33
2024/09/24 10:53:29 [notice] 1#1: worker process 32 exited with code 0
2024/09/24 10:53:29 [notice] 1#1: worker process 33 exited with code 0
2024/09/24 10:53:29 [notice] 1#1: worker process 28 exited with code 0
2024/09/24 10:53:29 [notice] 1#1: worker process 29 exited with code 0
2024/09/24 10:53:29 [notice] 1#1: worker process 30 exited with code 0
2024/09/24 10:53:29 [notice] 1#1: worker process 31 exited with code 0
2024/09/24 10:53:29 [notice] 1#1: worker process 34 exited with code 0
2024/09/24 10:53:29 [notice] 1#1: worker process 35 exited with code 0
2024/09/24 10:53:29 [notice] 1#1: exit
2024/09/24 10:54:08 [notice] 1#1: using the "epoll" event method
2024/09/24 10:54:08 [notice] 1#1: nginx/1.25.2
2024/09/24 10:54:08 [notice] 1#1: built by gcc 12.2.1 20220924 (Alpine 12.2.1_git20220924-r10) 
2024/09/24 10:54:08 [notice] 1#1: OS: Linux 6.10.4-linuxkit
2024/09/24 10:54:08 [notice] 1#1: getrlimit(RLIMIT_NOFILE): 1048576:1048576
2024/09/24 10:54:08 [notice] 1#1: start worker processes
2024/09/24 10:54:08 [notice] 1#1: start worker process 29
2024/09/24 10:54:08 [notice] 1#1: start worker process 30
2024/09/24 10:54:08 [notice] 1#1: start worker process 31
2024/09/24 10:54:08 [notice] 1#1: start worker process 32
2024/09/24 10:54:08 [notice] 1#1: start worker process 33
2024/09/24 10:54:08 [notice] 1#1: start worker process 34
2024/09/24 10:54:08 [notice] 1#1: start worker process 35
2024/09/24 10:54:08 [notice] 1#1: start worker process 36
2024/09/24 11:20:47 [notice] 1#1: signal 3 (SIGQUIT) received, shutting down
2024/09/24 11:20:47 [notice] 29#29: gracefully shutting down
2024/09/24 11:20:47 [notice] 33#33: gracefully shutting down
2024/09/24 11:20:47 [notice] 36#36: gracefully shutting down
2024/09/24 11:20:47 [notice] 29#29: exiting
2024/09/24 11:20:47 [notice] 30#30: gracefully shutting down
2024/09/24 11:20:47 [notice] 35#35: gracefully shutting down
2024/09/24 11:20:47 [notice] 32#32: gracefully shutting down
2024/09/24 11:20:47 [notice] 31#31: gracefully shutting down
2024/09/24 11:20:47 [notice] 35#35: exiting
2024/09/24 11:20:47 [notice] 34#34: gracefully shutting down
2024/09/24 11:20:47 [notice] 36#36: exiting
2024/09/24 11:20:47 [notice] 31#31: exiting
2024/09/24 11:20:47 [notice] 33#33: exiting
2024/09/24 11:20:47 [notice] 30#30: exiting
2024/09/24 11:20:47 [notice] 36#36: exit
2024/09/24 11:20:47 [notice] 32#32: exiting
2024/09/24 11:20:47 [notice] 34#34: exiting
2024/09/24 11:20:47 [notice] 35#35: exit
2024/09/24 11:20:47 [notice] 32#32: exit
2024/09/24 11:20:47 [notice] 33#33: exit
2024/09/24 11:20:47 [notice] 29#29: exit
2024/09/24 11:20:47 [notice] 34#34: exit
2024/09/24 11:20:47 [notice] 30#30: exit
2024/09/24 11:20:47 [notice] 31#31: exit
2024/09/24 11:20:47 [notice] 1#1: signal 17 (SIGCHLD) received from 29
2024/09/24 11:20:47 [notice] 1#1: worker process 29 exited with code 0
2024/09/24 11:20:47 [notice] 1#1: worker process 32 exited with code 0
2024/09/24 11:20:47 [notice] 1#1: signal 29 (SIGIO) received
2024/09/24 11:20:47 [notice] 1#1: signal 17 (SIGCHLD) received from 32
2024/09/24 11:20:47 [notice] 1#1: signal 17 (SIGCHLD) received from 35
2024/09/24 11:20:47 [notice] 1#1: worker process 30 exited with code 0
2024/09/24 11:20:47 [notice] 1#1: worker process 31 exited with code 0
2024/09/24 11:20:47 [notice] 1#1: worker process 34 exited with code 0
2024/09/24 11:20:47 [notice] 1#1: worker process 33 exited with code 0
2024/09/24 11:20:47 [notice] 1#1: worker process 35 exited with code 0
2024/09/24 11:20:47 [notice] 1#1: worker process 36 exited with code 0
2024/09/24 11:20:47 [notice] 1#1: exit
2024/09/24 11:22:28 [notice] 1#1: using the "epoll" event method
2024/09/24 11:22:28 [notice] 1#1: nginx/1.25.2
2024/09/24 11:22:28 [notice] 1#1: built by gcc 12.2.1 20220924 (Alpine 12.2.1_git20220924-r10) 
2024/09/24 11:22:28 [notice] 1#1: OS: Linux 6.10.4-linuxkit
2024/09/24 11:22:28 [notice] 1#1: getrlimit(RLIMIT_NOFILE): 1048576:1048576
2024/09/24 11:22:28 [notice] 1#1: start worker processes
2024/09/24 11:22:28 [notice] 1#1: start worker process 29
2024/09/24 11:22:28 [notice] 1#1: start worker process 30
2024/09/24 11:22:28 [notice] 1#1: start worker process 31
2024/09/24 11:22:28 [notice] 1#1: start worker process 32
2024/09/24 11:22:28 [notice] 1#1: start worker process 33
2024/09/24 11:22:28 [notice] 1#1: start worker process 34
2024/09/24 11:22:28 [notice] 1#1: start worker process 35
2024/09/24 11:22:28 [notice] 1#1: start worker process 36
